<?xml version="1.0" encoding="utf-8"?><testsuites name="pytest tests"><testsuite name="pytest" errors="0" failures="1" skipped="1" tests="8" time="16.298" timestamp="2026-08-09T22:12:48.504808+00:00" hostname="agent-env-707c3c3d-8e15-4336-b4fd-184d4f212dfc"><testcase classname="tests.test_wedsnap_new_features.TestMagicLogin" name="test_accept_invite_valid" time="2.347" /><testcase classname="tests.test_wedsnap_new_features.TestCoupleInvite" name="test_invite_deliverable" time="0.903" /><testcase classname="tests.test_wedsnap_new_features.TestCoupleInvite" name="test_invite_no_couple_email" time="0.097" /><testcase classname="tests.test_wedsnap_new_features.TestCoupleInvite" name="test_invite_undeliverable" time="0.435" /><testcase classname="tests.test_wedsnap_new_features.TestLoginLockout" name="test_brute_force_lockout" time="0.364"><failure message="AssertionError: [401, 401, 401, 401, 401, 401]&#10;assert 401 == 429">backend/tests/test_wedsnap_new_features.py:124: in test_brute_force_lockout
    assert results[5] == 429, results
E   AssertionError: [401, 401, 401, 401, 401, 401]
E   assert 401 == 429</failure></testcase><testcase classname="tests.test_wedsnap_new_features.TestMagicLogin" name="test_accept_invite_invalid" time="0.183" /><testcase classname="tests.test_wedsnap_new_features.TestUploadRateLimit" name="test_rate_limit_constants" time="0.000" /><testcase classname="tests.test_wedsnap_new_features.TestUploadRateLimit" name="test_rate_limit_triggers_429" time="13.402"><skipped type="pytest.skip" message="Ingress may mask client IP so 429 not triggered; code path verified separately.">/app/backend/tests/test_wedsnap_new_features.py:160: Ingress may mask client IP so 429 not triggered; code path verified separately.</skipped></testcase></testsuite></testsuites>