<?xml version="1.0" encoding="utf-8"?><testsuites name="pytest tests"><testsuite name="pytest" errors="0" failures="0" skipped="0" tests="14" time="4.829" timestamp="2026-08-09T22:32:21.052059+00:00" hostname="agent-env-707c3c3d-8e15-4336-b4fd-184d4f212dfc"><testcase classname="tests.test_privacy.TestPrivacyCoupleAllowed" name="test_gallery_ok" time="0.716" /><testcase classname="tests.test_privacy.TestPrivacyVenueDenied" name="test_gallery_forbidden" time="0.716" /><testcase classname="tests.test_privacy.TestPrivacyVenueDenied" name="test_messages_forbidden" time="0.045" /><testcase classname="tests.test_privacy.TestPrivacyCoupleAllowed" name="test_messages_ok" time="0.046" /><testcase classname="tests.test_privacy.TestPrivacyVenueDenied" name="test_download_forbidden" time="0.047" /><testcase classname="tests.test_privacy.TestPrivacyCoupleAllowed" name="test_file_serve_ok" time="0.365" /><testcase classname="tests.test_privacy.TestPrivacyCoupleAllowed" name="test_download_ok" time="1.301" /><testcase classname="tests.test_privacy.TestPrivacyVenueDenied" name="test_file_serve_forbidden" time="1.636" /><testcase classname="tests.test_privacy.TestSetPassword" name="test_set_password_requires_auth" time="0.097" /><testcase classname="tests.test_privacy.TestPrivacyVenueDenied" name="test_wedding_meta_allowed" time="0.048" /><testcase classname="tests.test_privacy.TestPrivacyVenueDenied" name="test_qr_allowed" time="0.055" /><testcase classname="tests.test_privacy.TestSetPassword" name="test_set_password_too_short" time="0.087" /><testcase classname="tests.test_privacy.TestAdminAllowed" name="test_admin_gallery_ok" time="0.554" /><testcase classname="tests.test_privacy.TestSetPassword" name="test_set_password_ok_and_login" time="1.858" /></testsuite></testsuites>