<?xml version="1.0" encoding="utf-8"?><testsuites name="pytest tests"><testsuite name="pytest" errors="0" failures="0" skipped="0" tests="28" time="4.922" timestamp="2026-08-09T21:53:47.284837+00:00" hostname="agent-env-707c3c3d-8e15-4336-b4fd-184d4f212dfc"><testcase classname="tests.test_wedsnap_backend.TestGuestPublic" name="test_public_wedding_info" time="0.131" /><testcase classname="tests.test_wedsnap_backend.TestAuth" name="test_login_admin" time="0.370" /><testcase classname="tests.test_wedsnap_backend.TestGuestPublic" name="test_public_wedding_not_found" time="0.238" /><testcase classname="tests.test_wedsnap_backend.TestAuth" name="test_login_restaurant" time="0.348" /><testcase classname="tests.test_wedsnap_backend.TestGuestPublic" name="test_guest_upload_photo" time="0.533" /><testcase classname="tests.test_wedsnap_backend.TestAuth" name="test_login_invalid" time="0.415" /><testcase classname="tests.test_wedsnap_backend.TestGuestPublic" name="test_guest_upload_unsupported_type" time="0.230" /><testcase classname="tests.test_wedsnap_backend.TestAuth" name="test_me_requires_auth" time="0.148" /><testcase classname="tests.test_wedsnap_backend.TestGuestPublic" name="test_guest_message" time="0.096" /><testcase classname="tests.test_wedsnap_backend.TestGallery" name="test_gallery_list" time="0.556" /><testcase classname="tests.test_wedsnap_backend.TestAuth" name="test_me_with_cookie" time="0.556" /><testcase classname="tests.test_wedsnap_backend.TestGallery" name="test_gallery_messages" time="0.051" /><testcase classname="tests.test_wedsnap_backend.TestGallery" name="test_gallery_requires_auth" time="0.331" /><testcase classname="tests.test_wedsnap_backend.TestAuth" name="test_logout_clears" time="0.438" /><testcase classname="tests.test_wedsnap_backend.TestGallery" name="test_toggle_favorite_and_serve_file" time="0.581" /><testcase classname="tests.test_wedsnap_backend.TestAuth" name="test_register_new_restaurant" time="0.430" /><testcase classname="tests.test_wedsnap_backend.TestAuth" name="test_register_duplicate" time="0.602" /><testcase classname="tests.test_wedsnap_backend.TestGallery" name="test_download_all_zip" time="0.557" /><testcase classname="tests.test_wedsnap_backend.TestWeddings" name="test_list_weddings_restaurant" time="0.047" /><testcase classname="tests.test_wedsnap_backend.TestWeddings" name="test_create_wedding" time="0.550" /><testcase classname="tests.test_wedsnap_backend.TestAdmin" name="test_admin_analytics" time="0.553" /><testcase classname="tests.test_wedsnap_backend.TestAdmin" name="test_admin_restaurants" time="0.045" /><testcase classname="tests.test_wedsnap_backend.TestWeddings" name="test_wedding_qr" time="0.066" /><testcase classname="tests.test_wedsnap_backend.TestAdmin" name="test_admin_change_plan" time="0.172" /><testcase classname="tests.test_wedsnap_backend.TestWeddings" name="test_wedding_status_update" time="0.047" /><testcase classname="tests.test_wedsnap_backend.TestRBAC" name="test_weddings_requires_role" time="0.098" /><testcase classname="tests.test_wedsnap_backend.TestAdmin" name="test_admin_suspend_and_reactivate" time="0.175" /><testcase classname="tests.test_wedsnap_backend.TestAdmin" name="test_restaurant_cannot_access_admin" time="0.047" /></testsuite></testsuites>